<?xml version="1.0" encoding="UTF-8"?>
<robot generator="Robot 4.0.3 (Python 3.7.0 on win32)" generated="20210701 21:33:10.905" rpa="false" schemaversion="2">
<suite id="s1" name="RegisterTest" source="C:\Users\abhay\Downloads\Demo_app\Flasky-master\UI_Robotframework\TestCase\RegisterTest.robot">
<kw name="Suite Setup" library="DemoAutoapp" type="SETUP">
<kw name="Open My Browser" library="DemoAutoapp">
<arg>${SiteUrl}</arg>
<arg>${Browser}</arg>
<kw name="Open Browser" library="SeleniumLibrary">
<arg>${SiteUrl}</arg>
<arg>${Browser}</arg>
<doc>Opens a new browser instance to the optional ``url``.</doc>
<msg timestamp="20210701 21:33:11.484" level="INFO">Opening browser 'chrome' to base url 'http://localhost:8080/register'.</msg>
<status status="PASS" starttime="20210701 21:33:11.484" endtime="20210701 21:33:15.202"/>
</kw>
<kw name="Maximize Browser Window" library="SeleniumLibrary">
<doc>Maximizes current browser window.</doc>
<status status="PASS" starttime="20210701 21:33:15.202" endtime="20210701 21:33:15.340"/>
</kw>
<status status="PASS" starttime="20210701 21:33:11.484" endtime="20210701 21:33:15.340"/>
</kw>
<status status="PASS" starttime="20210701 21:33:11.483" endtime="20210701 21:33:15.341"/>
</kw>
<test id="s1-t1" name="User Registration">
<kw name="Enter UserName" library="DemoAutoapp">
<arg>${Username}</arg>
<kw name="Wait Until Page Contains Element" library="SeleniumLibrary">
<arg>${txt_username}</arg>
<doc>Waits until the element ``locator`` appears on the current page.</doc>
<status status="PASS" starttime="20210701 21:33:15.344" endtime="20210701 21:33:15.365"/>
</kw>
<kw name="Input Text" library="SeleniumLibrary">
<arg>${txt_username}</arg>
<arg>${username}</arg>
<doc>Types the given ``text`` into the text field identified by ``locator``.</doc>
<msg timestamp="20210701 21:33:15.366" level="INFO">Typing text 'Jens' into text field 'name:username'.</msg>
<status status="PASS" starttime="20210701 21:33:15.365" endtime="20210701 21:33:15.443"/>
</kw>
<status status="PASS" starttime="20210701 21:33:15.341" endtime="20210701 21:33:15.443"/>
</kw>
<kw name="Enter Password" library="DemoAutoapp">
<arg>${Password}</arg>
<kw name="Wait Until Page Contains Element" library="SeleniumLibrary">
<arg>${txt_password}</arg>
<doc>Waits until the element ``locator`` appears on the current page.</doc>
<status status="PASS" starttime="20210701 21:33:15.445" endtime="20210701 21:33:15.459"/>
</kw>
<kw name="Input Text" library="SeleniumLibrary">
<arg>${txt_password}</arg>
<arg>${password}</arg>
<doc>Types the given ``text`` into the text field identified by ``locator``.</doc>
<msg timestamp="20210701 21:33:15.459" level="INFO">Typing text 'Abc*123' into text field 'name:password'.</msg>
<status status="PASS" starttime="20210701 21:33:15.459" endtime="20210701 21:33:15.531"/>
</kw>
<status status="PASS" starttime="20210701 21:33:15.444" endtime="20210701 21:33:15.531"/>
</kw>
<kw name="Enter FirstName" library="DemoAutoapp">
<arg>${FirstName}</arg>
<kw name="Wait Until Page Contains Element" library="SeleniumLibrary">
<arg>${txt_firstname}</arg>
<doc>Waits until the element ``locator`` appears on the current page.</doc>
<status status="PASS" starttime="20210701 21:33:15.531" endtime="20210701 21:33:15.541"/>
</kw>
<kw name="Input Text" library="SeleniumLibrary">
<arg>${txt_firstname}</arg>
<arg>${first_name}</arg>
<doc>Types the given ``text`` into the text field identified by ``locator``.</doc>
<msg timestamp="20210701 21:33:15.542" level="INFO">Typing text 'Jens' into text field 'name:firstname'.</msg>
<status status="PASS" starttime="20210701 21:33:15.541" endtime="20210701 21:33:15.613"/>
</kw>
<status status="PASS" starttime="20210701 21:33:15.531" endtime="20210701 21:33:15.613"/>
</kw>
<kw name="Enter LastName" library="DemoAutoapp">
<arg>${LastName}</arg>
<kw name="Wait Until Page Contains Element" library="SeleniumLibrary">
<arg>${txt_lastname}</arg>
<doc>Waits until the element ``locator`` appears on the current page.</doc>
<status status="PASS" starttime="20210701 21:33:15.614" endtime="20210701 21:33:15.625"/>
</kw>
<kw name="Input Text" library="SeleniumLibrary">
<arg>${txt_lastname}</arg>
<arg>${last_name}</arg>
<doc>Types the given ``text`` into the text field identified by ``locator``.</doc>
<msg timestamp="20210701 21:33:15.626" level="INFO">Typing text 'Methew' into text field 'name:lastname'.</msg>
<status status="PASS" starttime="20210701 21:33:15.625" endtime="20210701 21:33:15.700"/>
</kw>
<status status="PASS" starttime="20210701 21:33:15.614" endtime="20210701 21:33:15.700"/>
</kw>
<kw name="Enter Phone" library="DemoAutoapp">
<arg>${Phone}</arg>
<kw name="Wait Until Page Contains Element" library="SeleniumLibrary">
<arg>${txt_phone}</arg>
<doc>Waits until the element ``locator`` appears on the current page.</doc>
<status status="PASS" starttime="20210701 21:33:15.701" endtime="20210701 21:33:15.711"/>
</kw>
<kw name="Input Text" library="SeleniumLibrary">
<arg>${txt_phone}</arg>
<arg>${phone}</arg>
<doc>Types the given ``text`` into the text field identified by ``locator``.</doc>
<msg timestamp="20210701 21:33:15.712" level="INFO">Typing text '+358-230784934' into text field 'name:phone'.</msg>
<status status="PASS" starttime="20210701 21:33:15.712" endtime="20210701 21:33:15.783"/>
</kw>
<status status="PASS" starttime="20210701 21:33:15.701" endtime="20210701 21:33:15.783"/>
</kw>
<kw name="Click Submit" library="DemoAutoapp">
<kw name="Wait Until Page Contains Element" library="SeleniumLibrary">
<arg>${btn_submit}</arg>
<doc>Waits until the element ``locator`` appears on the current page.</doc>
<status status="PASS" starttime="20210701 21:33:15.783" endtime="20210701 21:33:15.794"/>
</kw>
<kw name="Click Button" library="SeleniumLibrary">
<arg>${btn_submit}</arg>
<doc>Clicks the button identified by ``locator``.</doc>
<msg timestamp="20210701 21:33:15.794" level="INFO">Clicking button 'xpath=//input[@value='Register']'.</msg>
<status status="PASS" starttime="20210701 21:33:15.794" endtime="20210701 21:33:16.298"/>
</kw>
<status status="PASS" starttime="20210701 21:33:15.783" endtime="20210701 21:33:16.298"/>
</kw>
<kw name="Log To Console" library="BuiltIn">
<arg>Registration is done for the user</arg>
<doc>Logs the given message to the console.</doc>
<status status="PASS" starttime="20210701 21:33:16.298" endtime="20210701 21:33:16.299"/>
</kw>
<kw name="Enter UserName" library="DemoAutoapp">
<arg>${Username}</arg>
<kw name="Wait Until Page Contains Element" library="SeleniumLibrary">
<arg>${txt_username}</arg>
<doc>Waits until the element ``locator`` appears on the current page.</doc>
<status status="PASS" starttime="20210701 21:33:16.299" endtime="20210701 21:33:16.309"/>
</kw>
<kw name="Input Text" library="SeleniumLibrary">
<arg>${txt_username}</arg>
<arg>${username}</arg>
<doc>Types the given ``text`` into the text field identified by ``locator``.</doc>
<msg timestamp="20210701 21:33:16.310" level="INFO">Typing text 'Jens' into text field 'name:username'.</msg>
<status status="PASS" starttime="20210701 21:33:16.310" endtime="20210701 21:33:16.388"/>
</kw>
<status status="PASS" starttime="20210701 21:33:16.299" endtime="20210701 21:33:16.388"/>
</kw>
<kw name="Enter Password" library="DemoAutoapp">
<arg>${Password}</arg>
<kw name="Wait Until Page Contains Element" library="SeleniumLibrary">
<arg>${txt_password}</arg>
<doc>Waits until the element ``locator`` appears on the current page.</doc>
<status status="PASS" starttime="20210701 21:33:16.389" endtime="20210701 21:33:16.396"/>
</kw>
<kw name="Input Text" library="SeleniumLibrary">
<arg>${txt_password}</arg>
<arg>${password}</arg>
<doc>Types the given ``text`` into the text field identified by ``locator``.</doc>
<msg timestamp="20210701 21:33:16.396" level="INFO">Typing text 'Abc*123' into text field 'name:password'.</msg>
<status status="PASS" starttime="20210701 21:33:16.396" endtime="20210701 21:33:16.467"/>
</kw>
<status status="PASS" starttime="20210701 21:33:16.388" endtime="20210701 21:33:16.467"/>
</kw>
<kw name="Click login" library="DemoAutoapp">
<kw name="Wait Until Page Contains Element" library="SeleniumLibrary">
<arg>${login_tab}</arg>
<doc>Waits until the element ``locator`` appears on the current page.</doc>
<status status="PASS" starttime="20210701 21:33:16.468" endtime="20210701 21:33:16.477"/>
</kw>
<kw name="Click Button" library="SeleniumLibrary">
<arg>${login_tab}</arg>
<doc>Clicks the button identified by ``locator``.</doc>
<msg timestamp="20210701 21:33:16.477" level="INFO">Clicking button 'xpath=//input[@value='Log In']'.</msg>
<status status="PASS" starttime="20210701 21:33:16.477" endtime="20210701 21:33:16.879"/>
</kw>
<status status="PASS" starttime="20210701 21:33:16.468" endtime="20210701 21:33:16.879"/>
</kw>
<kw name="Log To Console" library="BuiltIn">
<arg>Successfully loged in</arg>
<doc>Logs the given message to the console.</doc>
<status status="PASS" starttime="20210701 21:33:16.880" endtime="20210701 21:33:16.880"/>
</kw>
<kw name="Verify User information" library="DemoAutoapp">
<kw name="Title Should Be" library="SeleniumLibrary">
<arg>User Information - Demo App</arg>
<doc>Verifies that the current page title equals ``title``.</doc>
<msg timestamp="20210701 21:33:16.888" level="INFO">Page title is 'User Information - Demo App'.</msg>
<status status="PASS" starttime="20210701 21:33:16.882" endtime="20210701 21:33:16.888"/>
</kw>
<status status="PASS" starttime="20210701 21:33:16.881" endtime="20210701 21:33:16.889"/>
</kw>
<kw name="Verify User Details" library="DemoAutoapp">
<arg>${Username}</arg>
<arg>${FirstName}</arg>
<arg>${LastName}</arg>
<arg>${Phone}</arg>
<kw name="Table Row Should Contain" library="SeleniumLibrary">
<arg>${table_data}</arg>
<arg>2</arg>
<arg>${username}</arg>
<doc>Verifies that table row contains text ``expected``.</doc>
<status status="PASS" starttime="20210701 21:33:16.891" endtime="20210701 21:33:16.948"/>
</kw>
<kw name="Table Row Should Contain" library="SeleniumLibrary">
<arg>${table_data}</arg>
<arg>3</arg>
<arg>${first_name}</arg>
<doc>Verifies that table row contains text ``expected``.</doc>
<status status="PASS" starttime="20210701 21:33:16.948" endtime="20210701 21:33:17.022"/>
</kw>
<kw name="Table Row Should Contain" library="SeleniumLibrary">
<arg>${table_data}</arg>
<arg>4</arg>
<arg>${last_name}</arg>
<doc>Verifies that table row contains text ``expected``.</doc>
<status status="PASS" starttime="20210701 21:33:17.022" endtime="20210701 21:33:17.093"/>
</kw>
<kw name="Table Row Should Contain" library="SeleniumLibrary">
<arg>${table_data}</arg>
<arg>5</arg>
<arg>${phone}</arg>
<doc>Verifies that table row contains text ``expected``.</doc>
<status status="PASS" starttime="20210701 21:33:17.093" endtime="20210701 21:33:17.162"/>
</kw>
<kw name="Log To Console" library="BuiltIn">
<arg>verified all user details</arg>
<doc>Logs the given message to the console.</doc>
<status status="PASS" starttime="20210701 21:33:17.162" endtime="20210701 21:33:17.163"/>
</kw>
<status status="PASS" starttime="20210701 21:33:16.890" endtime="20210701 21:33:17.164"/>
</kw>
<kw name="Log To Console" library="BuiltIn">
<arg>User is Registered</arg>
<doc>Logs the given message to the console.</doc>
<status status="PASS" starttime="20210701 21:33:17.165" endtime="20210701 21:33:17.166"/>
</kw>
<tag>Registering user</tag>
<status status="PASS" starttime="20210701 21:33:15.341" endtime="20210701 21:33:17.167"/>
</test>
<kw name="Suite Teardown" library="DemoAutoapp" type="TEARDOWN">
<kw name="Close Browser" library="SeleniumLibrary">
<doc>Closes the current browser.</doc>
<status status="PASS" starttime="20210701 21:33:17.171" endtime="20210701 21:33:19.376"/>
</kw>
<status status="PASS" starttime="20210701 21:33:17.171" endtime="20210701 21:33:19.378"/>
</kw>
<status status="PASS" starttime="20210701 21:33:10.908" endtime="20210701 21:33:19.378"/>
</suite>
<statistics>
<total>
<stat pass="1" fail="0" skip="0">All Tests</stat>
</total>
<tag>
<stat pass="1" fail="0" skip="0">Registering user</stat>
</tag>
<suite>
<stat pass="1" fail="0" skip="0" id="s1" name="RegisterTest">RegisterTest</stat>
</suite>
</statistics>
<errors>
</errors>
</robot>
