<?xml version="1.0" encoding="UTF-8"?>
<robot generator="Robot 4.0.3 (Python 3.7.0 on win32)" generated="20210716 18:10:38.282" rpa="false" schemaversion="2">
<suite id="s1" name="SearchResultsTest" source="C:\Users\abhay\Yousician_UIAutomation\Tests\Yousician\SearchResultsTest.robot">
<test id="s1-t1" name="Searching for songs or title">
<kw name="Open the Browser" library="CommonFunctionality" type="SETUP">
<kw name="Open Browser" library="SeleniumLibrary">
<arg>${SiteUrl}</arg>
<arg>${Browser}</arg>
<doc>Opens a new browser instance to the optional ``url``.</doc>
<msg timestamp="20210716 18:10:38.841" level="INFO">Opening browser 'chrome' to base url 'https://yousician.com/songs'.</msg>
<status status="PASS" starttime="20210716 18:10:38.841" endtime="20210716 18:10:43.358"/>
</kw>
<status status="PASS" starttime="20210716 18:10:38.840" endtime="20210716 18:10:43.358"/>
</kw>
<kw name="Input Search Text and Click Search" library="HeaderPage">
<kw name="Input Text" library="SeleniumLibrary">
<arg>${searchbox}</arg>
<arg>${SearchText}</arg>
<doc>Types the given ``text`` into the text field identified by ``locator``.</doc>
<msg timestamp="20210716 18:10:43.359" level="INFO">Typing text 'Justin Bieber' into text field 'xpath://input[@placeholder='Search for songs by artist or title']'.</msg>
<status status="PASS" starttime="20210716 18:10:43.359" endtime="20210716 18:10:43.575"/>
</kw>
<kw name="Sleep" library="BuiltIn">
<arg>2s</arg>
<doc>Pauses the test executed for the given time.</doc>
<msg timestamp="20210716 18:10:45.583" level="INFO">Slept 2 seconds</msg>
<status status="PASS" starttime="20210716 18:10:43.575" endtime="20210716 18:10:45.583"/>
</kw>
<kw name="Click Button" library="SeleniumLibrary">
<arg>${accept}</arg>
<doc>Clicks the button identified by ``locator``.</doc>
<msg timestamp="20210716 18:10:45.584" level="INFO">Clicking button 'xpath://*[@id="onetrust-accept-btn-handler"]'.</msg>
<status status="PASS" starttime="20210716 18:10:45.583" endtime="20210716 18:10:45.736"/>
</kw>
<kw name="Wait Until Page Contains Element" library="SeleniumLibrary">
<arg>${searchtab}</arg>
<doc>Waits until the element ``locator`` appears on the current page.</doc>
<status status="PASS" starttime="20210716 18:10:45.737" endtime="20210716 18:10:45.763"/>
</kw>
<kw name="Click Button" library="SeleniumLibrary">
<arg>${searchtab}</arg>
<doc>Clicks the button identified by ``locator``.</doc>
<msg timestamp="20210716 18:10:45.764" level="INFO">Clicking button 'xpath://button[contains(@type,'submit')]'.</msg>
<status status="PASS" starttime="20210716 18:10:45.763" endtime="20210716 18:10:46.261"/>
</kw>
<status status="PASS" starttime="20210716 18:10:43.358" endtime="20210716 18:10:46.261"/>
</kw>
<kw name="Standard Sorting" library="SearchResultsPage">
<kw name="Get WebElements" library="SeleniumLibrary">
<var>@{locators}</var>
<arg>xpath://div[@class='Table__Wrapper-hvj9es-0 bWXEOS']//div[1]/p</arg>
<doc>Returns a list of WebElement objects matching the ``locator``.</doc>
<msg timestamp="20210716 18:10:46.282" level="INFO">@{locators} = [ ]</msg>
<status status="PASS" starttime="20210716 18:10:46.264" endtime="20210716 18:10:46.282"/>
</kw>
<kw name="Create List" library="BuiltIn">
<var>${result}</var>
<doc>Returns a list containing given items.</doc>
<msg timestamp="20210716 18:10:46.283" level="INFO">${result} = []</msg>
<status status="PASS" starttime="20210716 18:10:46.282" endtime="20210716 18:10:46.283"/>
</kw>
<for flavor="IN">
<var>${locator}</var>
<value>@{locators}</value>
<status status="PASS" starttime="20210716 18:10:46.283" endtime="20210716 18:10:46.283"/>
</for>
<status status="PASS" starttime="20210716 18:10:46.263" endtime="20210716 18:10:46.284"/>
</kw>
<doc>This test case verifies the search results</doc>
<tag>Functional</tag>
<status status="PASS" starttime="20210716 18:10:38.838" endtime="20210716 18:10:46.284"/>
</test>
<doc>Verifying the search results</doc>
<status status="PASS" starttime="20210716 18:10:38.288" endtime="20210716 18:10:46.287"/>
</suite>
<statistics>
<total>
<stat pass="1" fail="0" skip="0">All Tests</stat>
</total>
<tag>
<stat pass="1" fail="0" skip="0">Functional</stat>
</tag>
<suite>
<stat pass="1" fail="0" skip="0" id="s1" name="SearchResultsTest">SearchResultsTest</stat>
</suite>
</statistics>
<errors>
</errors>
</robot>
